<?xml version="1.0" encoding="UTF-8"?>
<!-- Generated by org.testng.reporters.JUnitReportReporter -->
<testsuite hostname="LAPTOP-3T4Q916L" failures="0" tests="3" name="listeners.TestNGListenerDemo2" time="0.014" errors="0" timestamp="2025-03-18T14:08:54 IST" skipped="0">
  <testcase classname="listeners.TestNGListenerDemo2" name="test6" time="0.003"/>
  <testcase classname="listeners.TestNGListenerDemo2" name="test4" time="0.005"/>
  <testcase classname="listeners.TestNGListenerDemo2" name="test5" time="0.006"/>
</testsuite> <!-- listeners.TestNGListenerDemo2 -->
