<?xml version="1.0" encoding="UTF-8"?>
<!-- Generated by org.testng.reporters.JUnitReportReporter -->
<testsuite hostname="LAPTOP-3T4Q916L" failures="0" tests="3" name="listeners.TestNGListenerDemo" time="8.884" errors="0" timestamp="2025-03-18T14:08:54 IST" skipped="0">
  <testcase classname="listeners.TestNGListenerDemo" name="test2" time="8.862"/>
  <testcase classname="listeners.TestNGListenerDemo" name="test3" time="0.006"/>
  <testcase classname="listeners.TestNGListenerDemo" name="test1" time="0.016"/>
</testsuite> <!-- listeners.TestNGListenerDemo -->
