<?xml version="1.0" encoding="UTF-8"?>
<!-- Generated by org.testng.reporters.JUnitReportReporter -->
<testsuite hostname="LAPTOP-3T4Q916L" failures="0" tests="1" name="DemoTestNG.Testcase1login" time="17.001" errors="0" timestamp="2025-03-19T00:01:53 IST" skipped="0">
  <testcase classname="DemoTestNG.Testcase1login" name="testCase1login" time="17.001"/>
</testsuite> <!-- DemoTestNG.Testcase1login -->
