<?xml version="1.0" encoding="UTF-8"?>
<!-- Generated by org.testng.reporters.JUnitReportReporter -->
<testsuite hostname="LAPTOP-3T4Q916L" failures="0" tests="3" name="DemoTestNG.TestNGPriorityDemo" time="0.020" errors="0" timestamp="2025-03-18T14:18:31 IST" skipped="0">
  <testcase classname="DemoTestNG.TestNGPriorityDemo" name="test1" time="0.014"/>
  <testcase classname="DemoTestNG.TestNGPriorityDemo" name="test3" time="0.003"/>
  <testcase classname="DemoTestNG.TestNGPriorityDemo" name="test2" time="0.003"/>
</testsuite> <!-- DemoTestNG.TestNGPriorityDemo -->
