<?xml version="1.0" encoding="UTF-8"?>
<!-- Generated by org.testng.reporters.JUnitReportReporter -->
<testsuite hostname="LAPTOP-3T4Q916L" failures="0" tests="2" name="DemoTestNG.TestNGMultiBrowserDemo" time="0.011" errors="0" timestamp="2025-03-18T17:09:06 IST" skipped="0">
  <testcase classname="DemoTestNG.TestNGMultiBrowserDemo" name="test1" time="0.010"/>
  <testcase classname="DemoTestNG.TestNGMultiBrowserDemo" name="test1" time="0.001"/>
</testsuite> <!-- DemoTestNG.TestNGMultiBrowserDemo -->
