<?xml version="1.0" encoding="UTF-8"?>
<!-- Generated by org.testng.reporters.JUnitReportReporter -->
<testsuite hostname="LAPTOP-3T4Q916L" failures="0" tests="1" name="Test1_IE_TestNG" time="7.524" errors="0" timestamp="2025-03-06T16:04:25 IST" skipped="0">
  <testcase classname="Test1_IE_TestNG" name="googleSearch" time="7.524"/>
</testsuite> <!-- Test1_IE_TestNG -->
