<?xml version="1.0" encoding="UTF-8"?>
<!-- Generated by org.testng.reporters.JUnitReportReporter -->
<testsuite hostname="LAPTOP-3T4Q916L" failures="0" tests="1" name="Test1_googleSearch_IE_TestNG" time="4.283" errors="0" timestamp="2025-03-06T14:59:47 IST" skipped="0">
  <testcase classname="Test1_googleSearch_IE_TestNG" name="googleSearch" time="4.283"/>
</testsuite> <!-- Test1_googleSearch_IE_TestNG -->
