<?xml version="1.0" encoding="UTF-8"?>
<!-- Generated by org.testng.reporters.JUnitReportReporter -->
<testsuite hostname="LAPTOP-3T4Q916L" failures="0" tests="2" name="DemoTestNG.TestNGGroupDemo" time="0.018" errors="0" timestamp="2025-03-18T17:45:21 IST" skipped="0">
  <testcase classname="DemoTestNG.TestNGGroupDemo" name="test2" time="0.015"/>
  <testcase classname="DemoTestNG.TestNGGroupDemo" name="test3" time="0.003"/>
</testsuite> <!-- DemoTestNG.TestNGGroupDemo -->
