<?xml version="1.0" encoding="UTF-8"?>
<!-- Generated by org.testng.reporters.JUnitReportReporter -->
<testsuite hostname="LAPTOP-3T4Q916L" failures="0" tests="4" name="utils.ExcelDataProvider" time="23.827" errors="0" timestamp="2025-03-18T01:04:25 IST" skipped="0">
  <testcase classname="utils.ExcelDataProvider" name="test1" time="5.363"/>
  <testcase classname="utils.ExcelDataProvider" name="test1" time="6.029"/>
  <testcase classname="utils.ExcelDataProvider" name="test1" time="5.630"/>
  <testcase classname="utils.ExcelDataProvider" name="test1" time="6.805"/>
</testsuite> <!-- utils.ExcelDataProvider -->
